2022-06-12 10:25:37   RootPath: /mnt/us/extensions/OutlookCalendarWeather/bin
[FBInk] Detected a Kindle Basic (0xC6 => Bourbon on Wario)
[FBInk] Clock tick frequency appears to be 100 Hz
[FBInk] Screen density set to 167 dpi
[FBInk] Variable fb info: 600x800, 8bpp @ rotation: 3 (Counter Clockwise, 270°)
[FBInk] Fixed fb info: ID is "mxc_epdc_fb", length of fb mem: 3268608 bytes & line length: 608 bytes
[FBInk] Fontsize set to 16x16 (IBM base glyph size: 8x8)
[FBInk] Line length: 37 cols, Page size: 50 rows
[FBInk] Pen colors set to #000000 for the foreground and #FFFFFF for the background
[FBInk] Detected a Kindle Basic (0xC6 => Bourbon on Wario)
[FBInk] Clock tick frequency appears to be 100 Hz
[FBInk] Screen density set to 167 dpi
[FBInk] Variable fb info: 600x800, 8bpp @ rotation: 3 (Counter Clockwise, 270°)
[FBInk] Fixed fb info: ID is "mxc_epdc_fb", length of fb mem: 3268608 bytes & line length: 608 bytes
[FBInk] Fontsize set to 16x16 (IBM base glyph size: 8x8)
[FBInk] Line length: 37 cols, Page size: 50 rows
[FBInk] Pen colors set to #000000 for the foreground and #FFFFFF for the background
Displaying image '/mnt/us/extensions/OutlookCalendarWeather/bin/black.png' @ column 0 + 0px, row 0 + 0px (scaling: 600x0, H align: 1, V align: 1, inverted: N, flattened: N, waveform: AUTO, HW dithering: PASSTHROUGH, SW dithered: N, nightmode: N, skip refresh: N)
[FBInk] Detected a Kindle Basic (0xC6 => Bourbon on Wario)
[FBInk] Clock tick frequency appears to be 100 Hz
[FBInk] Screen density set to 167 dpi
[FBInk] Variable fb info: 600x800, 8bpp @ rotation: 3 (Counter Clockwise, 270°)
[FBInk] Fixed fb info: ID is "mxc_epdc_fb", length of fb mem: 3268608 bytes & line length: 608 bytes
[FBInk] Fontsize set to 16x16 (IBM base glyph size: 8x8)
[FBInk] Line length: 37 cols, Page size: 50 rows
[FBInk] Pen colors set to #000000 for the foreground and #FFFFFF for the background
[FBInk] Detected a Kindle Basic (0xC6 => Bourbon on Wario)
[FBInk] Clock tick frequency appears to be 100 Hz
[FBInk] Screen density set to 167 dpi
[FBInk] Variable fb info: 600x800, 8bpp @ rotation: 3 (Counter Clockwise, 270°)
[FBInk] Fixed fb info: ID is "mxc_epdc_fb", length of fb mem: 3268608 bytes & line length: 608 bytes
[FBInk] Fontsize set to 16x16 (IBM base glyph size: 8x8)
[FBInk] Line length: 37 cols, Page size: 50 rows
[FBInk] Pen colors set to #000000 for the foreground and #FFFFFF for the background
2022-06-12 10:25:37   Update Init...
2022-06-12 10:25:37   Reset Update...ok
[FBInk] Detected a Kindle Basic (0xC6 => Bourbon on Wario)
[FBInk] Clock tick frequency appears to be 100 Hz
[FBInk] Screen density set to 167 dpi
[FBInk] Variable fb info: 600x800, 8bpp @ rotation: 3 (Counter Clockwise, 270°)
[FBInk] Fixed fb info: ID is "mxc_epdc_fb", length of fb mem: 3268608 bytes & line length: 608 bytes
[FBInk] Fontsize set to 16x16 (IBM base glyph size: 8x8)
[FBInk] Line length: 37 cols, Page size: 50 rows
[FBInk] Pen colors set to #000000 for the foreground and #FFFFFF for the background
Displaying image '/mnt/us/extensions/OutlookCalendarWeather/bin/nowTime.png' @ column 0 + 0px, row 0 + 0px (scaling: 600x0, H align: 1, V align: 1, inverted: N, flattened: N, waveform: AUTO, HW dithering: PASSTHROUGH, SW dithered: N, nightmode: N, skip refresh: N)
2022-06-12 10:25:39   Update Screen...ok
2022-06-12 10:25:42   Update Schedule...ok
